Base path: C:/Program Files/Unity/Editor/Data
Cmd: initializeCompiler
Cmd: compileComputeKernel
  api=4 insize=422 outsize=441 ok=1
Cmd: initializeCompiler
Cmd: compileComputeKernel
  api=4 insize=385 outsize=289 ok=1
Cmd: initializeCompiler
Cmd: initializeCompiler
Cmd: initializeCompiler
Cmd: initializeCompiler
Cmd: initializeCompiler
Cmd: initializeCompiler
Cmd: initializeCompiler
Cmd: initializeCompiler
Cmd: initializeCompiler
Cmd: initializeCompiler
Cmd: initializeCompiler
Cmd: initializeCompiler
Cmd: initializeCompiler
Cmd: initializeCompiler
Cmd: initializeCompiler
Cmd: initializeCompiler
Cmd: initializeCompiler
Cmd: initializeCompiler
Cmd: compileComputeKernel
  api=4 insize=399 outsize=341 ok=1
Cmd: initializeCompiler
Cmd: initializeCompiler
Cmd: initializeCompiler
Cmd: compileComputeKernel
  error: 2 plat 4 at colonyShader.compute(14): syntax error: unexpected token ')'
  error: 2 plat 4 at colonyShader.compute(14): syntax error: unexpected token 'float4'
  api=4 insize=415 outsize=0 ok=0
Cmd: compileComputeKernel
  api=4 insize=428 outsize=381 ok=1
Cmd: initializeCompiler
Cmd: initializeCompiler
Cmd: initializeCompiler
Cmd: initializeCompiler
Cmd: compileComputeKernel
  error: 2 plat 4 at colonyShader.compute(9): the product of the arguments of numthreads(32,32,2) must be less than or equal to 1024
  api=4 insize=521 outsize=0 ok=0
