Base path: C:/Program Files/Unity/Editor/Data
Cmd: initializeCompiler
Cmd: compileComputeKernel
  error: 2 plat 4 at colonyShader.compute(25): undeclared identifier 'yPos'
  api=4 insize=1168 outsize=0 ok=0
Cmd: compileComputeKernel
  error: 2 plat 4 at colonyShader.compute(29): undeclared identifier 'magnitude'
  api=4 insize=1260 outsize=0 ok=0
Cmd: compileComputeKernel
  error: 2 plat 4 at colonyShader.compute(30): incorrect number of arguments to numeric-type constructor
  api=4 insize=1265 outsize=0 ok=0
Cmd: compileComputeKernel
  error: 1 plat 4 at colonyShader.compute(16): integer divides may be much slower, try using uints if possible.
  api=4 insize=1269 outsize=1289 ok=1
Cmd: initializeCompiler
Cmd: initializeCompiler
Cmd: initializeCompiler
Cmd: initializeCompiler
Cmd: initializeCompiler
Cmd: initializeCompiler
Cmd: initializeCompiler
Cmd: initializeCompiler
Cmd: initializeCompiler
Cmd: initializeCompiler
Cmd: initializeCompiler
Cmd: initializeCompiler
Cmd: initializeCompiler
Cmd: initializeCompiler
